<?xml version="1.0" encoding="UTF-8"?>
<TestRun id="469e8bd8-8958-41ee-b3ce-c41ea2de4749" name="amedinaj@PC7698 2014-02-05 13:29:15" runUser="MITYC\amedinaj" xmlns="http://microsoft.com/schemas/VisualStudio/TeamTest/2010">
  <TestSettings name="Local" id="be11aa5b-e296-43e8-aa3f-a6f25c5c95b7">
    <Description>Esta es la configuración de pruebas predeterminada para una ejecución de pruebas local.</Description>
    <Deployment enabled="false" runDeploymentRoot="amedinaj_PC7698 2014-02-05 13_29_15">
      <DeploymentItem filename="C:\Documents and Settings\amedinaj\Mis documentos\Visual Studio 2010\Projects\ReferencesChecker\packages\Mono.Cecil.0.9.5.4\lib\net40\Mono.Cecil.Pdb.dll" />
      <DeploymentItem filename="C:\Documents and Settings\amedinaj\Mis documentos\Visual Studio 2010\Projects\ReferencesChecker\packages\Mono.Cecil.0.9.5.4\lib\net40\Mono.Cecil.Rocks.dll" />
      <DeploymentItem filename="C:\Documents and Settings\amedinaj\Mis documentos\Visual Studio 2010\Projects\ReferencesChecker\packages\Mono.Cecil.0.9.5.4\lib\net40\Mono.Cecil.Mdb.dll" />
      <DeploymentItem filename="C:\Documents and Settings\amedinaj\Mis documentos\Visual Studio 2010\Projects\ReferencesChecker\packages\QuickGraph.3.6.61119.7\lib\net4\QuickGraph.Graphviz.dll" />
      <DeploymentItem filename="C:\Documents and Settings\amedinaj\Mis documentos\Visual Studio 2010\Projects\ReferencesChecker\AssemblyCheck\bin\Debug\AssemblyCheck.dll" />
      <DeploymentItem filename="C:\Documents and Settings\amedinaj\Mis documentos\Visual Studio 2010\Projects\ReferencesChecker\packages\Mono.Cecil.0.9.5.4\lib\net40\Mono.Cecil.dll" />
      <DeploymentItem filename="C:\Documents and Settings\amedinaj\Mis documentos\Visual Studio 2010\Projects\ReferencesChecker\packages\QuickGraph.3.6.61119.7\lib\net4\QuickGraph.Data.dll" />
      <DeploymentItem filename="C:\Documents and Settings\amedinaj\Mis documentos\Visual Studio 2010\Projects\ReferencesChecker\packages\QuickGraph.3.6.61119.7\lib\net4\QuickGraph.dll" />
      <DeploymentItem filename="C:\Documents and Settings\amedinaj\Mis documentos\Visual Studio 2010\Projects\ReferencesChecker\packages\QuickGraph.3.6.61119.7\lib\net4\QuickGraph.Serialization.dll" />
    </Deployment>
    <Execution>
      <TestTypeSpecific />
      <AgentRule name="Execution Agents">
      </AgentRule>
    </Execution>
  </TestSettings>
  <Times creation="2014-02-05T13:29:15.0699092+01:00" queuing="2014-02-05T13:29:19.4759336+01:00" start="2014-02-05T13:29:19.6790482+01:00" finish="2014-02-05T13:29:22.2726654+01:00" />
  <ResultSummary outcome="Completed">
    <Counters total="1" executed="1" passed="1" error="0" failed="0" timeout="0" aborted="0" inconclusive="0" passedButRunAborted="0" notRunnable="0" notExecuted="0" disconnected="0" warning="0" completed="0" inProgress="0" pending="0" />
  </ResultSummary>
  <TestDefinitions>
    <UnitTest name="TestSaveGraph" storage="c:\documents and settings\amedinaj\mis documentos\visual studio 2010\projects\referenceschecker\assemblychecktest\bin\debug\assemblychecktest.dll" id="d9d666a8-f4bc-794d-6e11-d056044fdf56">
      <Execution id="e445c4de-481d-41f7-97bd-5dde2f329f0f" />
      <TestMethod codeBase="C:/Documents and Settings/amedinaj/Mis documentos/Visual Studio 2010/Projects/ReferencesChecker/AssemblyCheckTest/bin/Debug/AssemblyCheckTest.DLL" adapterTypeName="Microsoft.VisualStudio.TestTools.TestTypes.Unit.UnitTestAdapter, Microsoft.VisualStudio.QualityTools.Tips.UnitTest.Adapter, Version=10.0.0.0, Culture=neutral, PublicKeyToken=b03f5f7f11d50a3a" className="AssemblyCheckTest.ReferencesAnalyzerTest, AssemblyCheckTest, Version=1.0.0.0, Culture=neutral, PublicKeyToken=null" name="TestSaveGraph" />
    </UnitTest>
  </TestDefinitions>
  <TestLists>
    <TestList name="Resultados que no están en la lista" id="8c84fa94-04c1-424b-9868-57a2d4851a1d" />
    <TestList name="Todos los resultados cargados" id="19431567-8539-422a-85d7-44ee4e166bda" />
  </TestLists>
  <TestEntries>
    <TestEntry testId="d9d666a8-f4bc-794d-6e11-d056044fdf56" executionId="e445c4de-481d-41f7-97bd-5dde2f329f0f" testListId="8c84fa94-04c1-424b-9868-57a2d4851a1d" />
  </TestEntries>
  <Results>
    <UnitTestResult executionId="e445c4de-481d-41f7-97bd-5dde2f329f0f" testId="d9d666a8-f4bc-794d-6e11-d056044fdf56" testName="TestSaveGraph" computerName="PC7698" duration="00:00:00.2758071" startTime="2014-02-05T13:29:19.8665386+01:00" endTime="2014-02-05T13:29:21.6320732+01:00" testType="13cdc9d9-ddb5-4fa4-a97d-d965ccfc6d4b" outcome="Passed" testListId="8c84fa94-04c1-424b-9868-57a2d4851a1d" relativeResultsDirectory="e445c4de-481d-41f7-97bd-5dde2f329f0f">
    </UnitTestResult>
  </Results>
</TestRun>