<?xml version="1.0" encoding="UTF-8"?>
<TestRun id="7202ec68-2d0a-45d1-bc9f-af40c2256aca" name="amedinaj@PC7698 2014-02-04 12:45:47" runUser="MITYC\amedinaj" xmlns="http://microsoft.com/schemas/VisualStudio/TeamTest/2010">
  <TestSettings name="Local" id="be11aa5b-e296-43e8-aa3f-a6f25c5c95b7">
    <Description>Esta es la configuración de pruebas predeterminada para una ejecución de pruebas local.</Description>
    <Deployment enabled="false" runDeploymentRoot="amedinaj_PC7698 2014-02-04 12_45_47">
      <DeploymentItem filename="C:\Documents and Settings\amedinaj\Mis documentos\Visual Studio 2010\Projects\ReferencesChecker\AssemblyCheck\bin\Debug\AssemblyCheck.dll" />
      <DeploymentItem filename="C:\Documents and Settings\amedinaj\Mis documentos\Visual Studio 2010\Projects\ReferencesChecker\packages\Mono.Cecil.0.9.5.4\lib\net40\Mono.Cecil.dll" />
      <DeploymentItem filename="C:\Documents and Settings\amedinaj\Mis documentos\Visual Studio 2010\Projects\ReferencesChecker\packages\Mono.Cecil.0.9.5.4\lib\net40\Mono.Cecil.Mdb.dll" />
      <DeploymentItem filename="C:\Documents and Settings\amedinaj\Mis documentos\Visual Studio 2010\Projects\ReferencesChecker\packages\Mono.Cecil.0.9.5.4\lib\net40\Mono.Cecil.Pdb.dll" />
      <DeploymentItem filename="C:\Documents and Settings\amedinaj\Mis documentos\Visual Studio 2010\Projects\ReferencesChecker\packages\Mono.Cecil.0.9.5.4\lib\net40\Mono.Cecil.Rocks.dll" />
    </Deployment>
    <Execution>
      <TestTypeSpecific />
      <AgentRule name="Execution Agents">
      </AgentRule>
    </Execution>
  </TestSettings>
  <Times creation="2014-02-04T12:45:47.5727332+01:00" queuing="2014-02-04T12:45:47.6821068+01:00" start="2014-02-04T12:45:47.7289812+01:00" finish="2014-02-04T12:45:48.5258460+01:00" />
  <ResultSummary outcome="Completed">
    <Counters total="4" executed="4" passed="4" error="0" failed="0" timeout="0" aborted="0" inconclusive="0" passedButRunAborted="0" notRunnable="0" notExecuted="0" disconnected="0" warning="0" completed="0" inProgress="0" pending="0" />
  </ResultSummary>
  <TestDefinitions>
    <UnitTest name="LoadAssemblyTest" storage="c:\documents and settings\amedinaj\mis documentos\visual studio 2010\projects\referenceschecker\assemblychecktest\bin\debug\assemblychecktest.dll" id="7b7d15c8-b6f7-c0e1-f7a9-c1ec7d075416">
      <Execution id="42c1f2dd-9a6d-4f1d-98ab-53a5eee187c6" />
      <TestMethod codeBase="C:/Documents and Settings/amedinaj/Mis documentos/Visual Studio 2010/Projects/ReferencesChecker/AssemblyCheckTest/bin/Debug/AssemblyCheckTest.DLL" adapterTypeName="Microsoft.VisualStudio.TestTools.TestTypes.Unit.UnitTestAdapter, Microsoft.VisualStudio.QualityTools.Tips.UnitTest.Adapter, Version=10.0.0.0, Culture=neutral, PublicKeyToken=b03f5f7f11d50a3a" className="AssemblyCheckTest.MonoCecilTest, AssemblyCheckTest, Version=1.0.0.0, Culture=neutral, PublicKeyToken=null" name="LoadAssemblyTest" />
    </UnitTest>
    <UnitTest name="TestComparation" storage="c:\documents and settings\amedinaj\mis documentos\visual studio 2010\projects\referenceschecker\assemblychecktest\bin\debug\assemblychecktest.dll" id="cf05b06a-0112-dc35-25ae-d76c0638870d">
      <Execution id="0a8d51ba-a7a1-41fb-9158-f946aafd7005" />
      <TestMethod codeBase="C:/Documents and Settings/amedinaj/Mis documentos/Visual Studio 2010/Projects/ReferencesChecker/AssemblyCheckTest/bin/Debug/AssemblyCheckTest.DLL" adapterTypeName="Microsoft.VisualStudio.TestTools.TestTypes.Unit.UnitTestAdapter, Microsoft.VisualStudio.QualityTools.Tips.UnitTest.Adapter, Version=10.0.0.0, Culture=neutral, PublicKeyToken=b03f5f7f11d50a3a" className="AssemblyCheckTest.AssemblyVersionTest, AssemblyCheckTest, Version=1.0.0.0, Culture=neutral, PublicKeyToken=null" name="TestComparation" />
    </UnitTest>
    <UnitTest name="TestToString" storage="c:\documents and settings\amedinaj\mis documentos\visual studio 2010\projects\referenceschecker\assemblychecktest\bin\debug\assemblychecktest.dll" id="c4504208-0725-4c70-bea2-3cc97b04a788">
      <Execution id="a7d257e0-56e0-405e-9ed8-14978d30e170" />
      <TestMethod codeBase="C:/Documents and Settings/amedinaj/Mis documentos/Visual Studio 2010/Projects/ReferencesChecker/AssemblyCheckTest/bin/Debug/AssemblyCheckTest.DLL" adapterTypeName="Microsoft.VisualStudio.TestTools.TestTypes.Unit.UnitTestAdapter, Microsoft.VisualStudio.QualityTools.Tips.UnitTest.Adapter, Version=10.0.0.0, Culture=neutral, PublicKeyToken=b03f5f7f11d50a3a" className="AssemblyCheckTest.AssemblyVersionTest, AssemblyCheckTest, Version=1.0.0.0, Culture=neutral, PublicKeyToken=null" name="TestToString" />
    </UnitTest>
    <UnitTest name="TestStringConstructor" storage="c:\documents and settings\amedinaj\mis documentos\visual studio 2010\projects\referenceschecker\assemblychecktest\bin\debug\assemblychecktest.dll" id="ddce6c97-db94-fc06-4fea-145811cc5880">
      <Execution id="640146e1-5017-439d-9514-c9e62ddf5720" />
      <TestMethod codeBase="C:/Documents and Settings/amedinaj/Mis documentos/Visual Studio 2010/Projects/ReferencesChecker/AssemblyCheckTest/bin/Debug/AssemblyCheckTest.DLL" adapterTypeName="Microsoft.VisualStudio.TestTools.TestTypes.Unit.UnitTestAdapter, Microsoft.VisualStudio.QualityTools.Tips.UnitTest.Adapter, Version=10.0.0.0, Culture=neutral, PublicKeyToken=b03f5f7f11d50a3a" className="AssemblyCheckTest.AssemblyVersionTest, AssemblyCheckTest, Version=1.0.0.0, Culture=neutral, PublicKeyToken=null" name="TestStringConstructor" />
    </UnitTest>
  </TestDefinitions>
  <TestLists>
    <TestList name="Resultados que no están en la lista" id="8c84fa94-04c1-424b-9868-57a2d4851a1d" />
    <TestList name="Todos los resultados cargados" id="19431567-8539-422a-85d7-44ee4e166bda" />
  </TestLists>
  <TestEntries>
    <TestEntry testId="7b7d15c8-b6f7-c0e1-f7a9-c1ec7d075416" executionId="42c1f2dd-9a6d-4f1d-98ab-53a5eee187c6" testListId="8c84fa94-04c1-424b-9868-57a2d4851a1d" />
    <TestEntry testId="c4504208-0725-4c70-bea2-3cc97b04a788" executionId="a7d257e0-56e0-405e-9ed8-14978d30e170" testListId="8c84fa94-04c1-424b-9868-57a2d4851a1d" />
    <TestEntry testId="cf05b06a-0112-dc35-25ae-d76c0638870d" executionId="0a8d51ba-a7a1-41fb-9158-f946aafd7005" testListId="8c84fa94-04c1-424b-9868-57a2d4851a1d" />
    <TestEntry testId="ddce6c97-db94-fc06-4fea-145811cc5880" executionId="640146e1-5017-439d-9514-c9e62ddf5720" testListId="8c84fa94-04c1-424b-9868-57a2d4851a1d" />
  </TestEntries>
  <Results>
    <UnitTestResult executionId="42c1f2dd-9a6d-4f1d-98ab-53a5eee187c6" testId="7b7d15c8-b6f7-c0e1-f7a9-c1ec7d075416" testName="LoadAssemblyTest" computerName="PC7698" duration="00:00:00.0243327" startTime="2014-02-04T12:45:47.7289812+01:00" endTime="2014-02-04T12:45:48.3852228+01:00" testType="13cdc9d9-ddb5-4fa4-a97d-d965ccfc6d4b" outcome="Passed" testListId="8c84fa94-04c1-424b-9868-57a2d4851a1d" relativeResultsDirectory="42c1f2dd-9a6d-4f1d-98ab-53a5eee187c6">
    </UnitTestResult>
    <UnitTestResult executionId="a7d257e0-56e0-405e-9ed8-14978d30e170" testId="c4504208-0725-4c70-bea2-3cc97b04a788" testName="TestToString" computerName="PC7698" duration="00:00:00.0248813" startTime="2014-02-04T12:45:48.4008476+01:00" endTime="2014-02-04T12:45:48.4320972+01:00" testType="13cdc9d9-ddb5-4fa4-a97d-d965ccfc6d4b" outcome="Passed" testListId="8c84fa94-04c1-424b-9868-57a2d4851a1d" relativeResultsDirectory="a7d257e0-56e0-405e-9ed8-14978d30e170">
    </UnitTestResult>
    <UnitTestResult executionId="0a8d51ba-a7a1-41fb-9158-f946aafd7005" testId="cf05b06a-0112-dc35-25ae-d76c0638870d" testName="TestComparation" computerName="PC7698" duration="00:00:00.0049970" startTime="2014-02-04T12:45:48.4477220+01:00" endTime="2014-02-04T12:45:48.4633468+01:00" testType="13cdc9d9-ddb5-4fa4-a97d-d965ccfc6d4b" outcome="Passed" testListId="8c84fa94-04c1-424b-9868-57a2d4851a1d" relativeResultsDirectory="0a8d51ba-a7a1-41fb-9158-f946aafd7005">
    </UnitTestResult>
    <UnitTestResult executionId="640146e1-5017-439d-9514-c9e62ddf5720" testId="ddce6c97-db94-fc06-4fea-145811cc5880" testName="TestStringConstructor" computerName="PC7698" duration="00:00:00.0009160" startTime="2014-02-04T12:45:48.4789716+01:00" endTime="2014-02-04T12:45:48.4789716+01:00" testType="13cdc9d9-ddb5-4fa4-a97d-d965ccfc6d4b" outcome="Passed" testListId="8c84fa94-04c1-424b-9868-57a2d4851a1d" relativeResultsDirectory="640146e1-5017-439d-9514-c9e62ddf5720">
    </UnitTestResult>
  </Results>
</TestRun>