<?xml version="1.0" encoding="UTF-8"?>
<TestRun id="e7d5c10b-78b9-4c5f-bbb8-9266a17273cc" name="amedinaj@PC7698 2014-02-05 12:01:02" runUser="MITYC\amedinaj" xmlns="http://microsoft.com/schemas/VisualStudio/TeamTest/2010">
  <TestSettings name="Local" id="be11aa5b-e296-43e8-aa3f-a6f25c5c95b7">
    <Description>Esta es la configuración de pruebas predeterminada para una ejecución de pruebas local.</Description>
    <Deployment enabled="false" runDeploymentRoot="amedinaj_PC7698 2014-02-05 12_01_02">
      <DeploymentItem filename="C:\Documents and Settings\amedinaj\Mis documentos\Visual Studio 2010\Projects\ReferencesChecker\packages\Mono.Cecil.0.9.5.4\lib\net40\Mono.Cecil.Pdb.dll" />
      <DeploymentItem filename="C:\Documents and Settings\amedinaj\Mis documentos\Visual Studio 2010\Projects\ReferencesChecker\packages\Mono.Cecil.0.9.5.4\lib\net40\Mono.Cecil.Rocks.dll" />
      <DeploymentItem filename="C:\Documents and Settings\amedinaj\Mis documentos\Visual Studio 2010\Projects\ReferencesChecker\packages\Mono.Cecil.0.9.5.4\lib\net40\Mono.Cecil.Mdb.dll" />
      <DeploymentItem filename="C:\Documents and Settings\amedinaj\Mis documentos\Visual Studio 2010\Projects\ReferencesChecker\packages\QuickGraph.3.6.61119.7\lib\net4\QuickGraph.Graphviz.dll" />
      <DeploymentItem filename="C:\Documents and Settings\amedinaj\Mis documentos\Visual Studio 2010\Projects\ReferencesChecker\AssemblyCheck\bin\Debug\AssemblyCheck.dll" />
      <DeploymentItem filename="C:\Documents and Settings\amedinaj\Mis documentos\Visual Studio 2010\Projects\ReferencesChecker\packages\Mono.Cecil.0.9.5.4\lib\net40\Mono.Cecil.dll" />
      <DeploymentItem filename="C:\Documents and Settings\amedinaj\Mis documentos\Visual Studio 2010\Projects\ReferencesChecker\packages\QuickGraph.3.6.61119.7\lib\net4\QuickGraph.Data.dll" />
      <DeploymentItem filename="C:\Documents and Settings\amedinaj\Mis documentos\Visual Studio 2010\Projects\ReferencesChecker\packages\QuickGraph.3.6.61119.7\lib\net4\QuickGraph.dll" />
      <DeploymentItem filename="C:\Documents and Settings\amedinaj\Mis documentos\Visual Studio 2010\Projects\ReferencesChecker\packages\QuickGraph.3.6.61119.7\lib\net4\QuickGraph.Serialization.dll" />
    </Deployment>
    <Execution>
      <TestTypeSpecific />
      <AgentRule name="Execution Agents">
      </AgentRule>
    </Execution>
  </TestSettings>
  <Times creation="2014-02-05T12:01:02.1534204+01:00" queuing="2014-02-05T12:01:02.2784140+01:00" start="2014-02-05T12:01:02.3096624+01:00" finish="2014-02-05T12:01:03.0596240+01:00" />
  <ResultSummary outcome="Completed">
    <Counters total="1" executed="1" passed="1" error="0" failed="0" timeout="0" aborted="0" inconclusive="0" passedButRunAborted="0" notRunnable="0" notExecuted="0" disconnected="0" warning="0" completed="0" inProgress="0" pending="0" />
  </ResultSummary>
  <TestDefinitions>
    <UnitTest name="TestCheckGoodTargetReference" storage="c:\documents and settings\amedinaj\mis documentos\visual studio 2010\projects\referenceschecker\assemblychecktest\bin\debug\assemblychecktest.dll" id="0ef2b9f1-6aa4-6266-cec2-a3568ed6a41c">
      <Execution id="2d852012-70c0-4629-8b11-c9ea600e7050" />
      <TestMethod codeBase="C:/Documents and Settings/amedinaj/Mis documentos/Visual Studio 2010/Projects/ReferencesChecker/AssemblyCheckTest/bin/Debug/AssemblyCheckTest.DLL" adapterTypeName="Microsoft.VisualStudio.TestTools.TestTypes.Unit.UnitTestAdapter, Microsoft.VisualStudio.QualityTools.Tips.UnitTest.Adapter, Version=10.0.0.0, Culture=neutral, PublicKeyToken=b03f5f7f11d50a3a" className="AssemblyCheckTest.ReferencesAnalyzerTest, AssemblyCheckTest, Version=1.0.0.0, Culture=neutral, PublicKeyToken=null" name="TestCheckGoodTargetReference" />
    </UnitTest>
  </TestDefinitions>
  <TestLists>
    <TestList name="Resultados que no están en la lista" id="8c84fa94-04c1-424b-9868-57a2d4851a1d" />
    <TestList name="Todos los resultados cargados" id="19431567-8539-422a-85d7-44ee4e166bda" />
  </TestLists>
  <TestEntries>
    <TestEntry testId="0ef2b9f1-6aa4-6266-cec2-a3568ed6a41c" executionId="2d852012-70c0-4629-8b11-c9ea600e7050" testListId="8c84fa94-04c1-424b-9868-57a2d4851a1d" />
  </TestEntries>
  <Results>
    <UnitTestResult executionId="2d852012-70c0-4629-8b11-c9ea600e7050" testId="0ef2b9f1-6aa4-6266-cec2-a3568ed6a41c" testName="TestCheckGoodTargetReference" computerName="PC7698" duration="00:00:00.1061975" startTime="2014-02-05T12:01:02.3096624+01:00" endTime="2014-02-05T12:01:03.0127514+01:00" testType="13cdc9d9-ddb5-4fa4-a97d-d965ccfc6d4b" outcome="Passed" testListId="8c84fa94-04c1-424b-9868-57a2d4851a1d" relativeResultsDirectory="2d852012-70c0-4629-8b11-c9ea600e7050">
    </UnitTestResult>
  </Results>
</TestRun>