<?xml version="1.0" encoding="UTF-8"?>
<TestRun id="59f64055-7ffe-4f04-a79a-ddeab5612164" name="amedinaj@PC7698 2014-02-04 15:28:34" runUser="MITYC\amedinaj" xmlns="http://microsoft.com/schemas/VisualStudio/TeamTest/2010">
  <TestSettings name="Local" id="be11aa5b-e296-43e8-aa3f-a6f25c5c95b7">
    <Description>Esta es la configuración de pruebas predeterminada para una ejecución de pruebas local.</Description>
    <Deployment enabled="false" runDeploymentRoot="amedinaj_PC7698 2014-02-04 15_28_34">
      <DeploymentItem filename="C:\Documents and Settings\amedinaj\Mis documentos\Visual Studio 2010\Projects\ReferencesChecker\AssemblyCheck\bin\Debug\AssemblyCheck.dll" />
      <DeploymentItem filename="C:\Documents and Settings\amedinaj\Mis documentos\Visual Studio 2010\Projects\ReferencesChecker\packages\Mono.Cecil.0.9.5.4\lib\net40\Mono.Cecil.dll" />
      <DeploymentItem filename="C:\Documents and Settings\amedinaj\Mis documentos\Visual Studio 2010\Projects\ReferencesChecker\packages\Mono.Cecil.0.9.5.4\lib\net40\Mono.Cecil.Mdb.dll" />
      <DeploymentItem filename="C:\Documents and Settings\amedinaj\Mis documentos\Visual Studio 2010\Projects\ReferencesChecker\packages\Mono.Cecil.0.9.5.4\lib\net40\Mono.Cecil.Pdb.dll" />
      <DeploymentItem filename="C:\Documents and Settings\amedinaj\Mis documentos\Visual Studio 2010\Projects\ReferencesChecker\packages\Mono.Cecil.0.9.5.4\lib\net40\Mono.Cecil.Rocks.dll" />
    </Deployment>
    <Execution>
      <TestTypeSpecific />
      <AgentRule name="Execution Agents">
      </AgentRule>
    </Execution>
  </TestSettings>
  <Times creation="2014-02-04T15:28:34.1195948+01:00" queuing="2014-02-04T15:28:43.1038548+01:00" start="2014-02-04T15:28:43.7444716+01:00" finish="2014-02-04T15:30:07.0090308+01:00" />
  <ResultSummary outcome="Error">
    <Counters total="1" executed="1" error="0" failed="0" timeout="0" aborted="1" inconclusive="0" passedButRunAborted="0" notRunnable="0" notExecuted="0" disconnected="0" warning="0" passed="0" completed="0" inProgress="0" pending="0" />
    <RunInfos>
      <RunInfo computerName="PC7698" outcome="Error" timestamp="2014-02-04T15:30:06.9621564+01:00">
        <Text>El proceso del host de pruebas terminó inesperadamente.</Text>
      </RunInfo>
    </RunInfos>
  </ResultSummary>
  <TestDefinitions>
    <UnitTest name="ReadAssemblyTest" storage="c:\documents and settings\amedinaj\mis documentos\visual studio 2010\projects\referenceschecker\assemblychecktest\bin\debug\assemblychecktest.dll" id="a4c08441-0a97-2091-e34b-5c0af76946ae">
      <Execution id="f2794ec2-70f9-486d-aa33-4824e9bd8496" />
      <TestMethod codeBase="C:/Documents and Settings/amedinaj/Mis documentos/Visual Studio 2010/Projects/ReferencesChecker/AssemblyCheckTest/bin/Debug/AssemblyCheckTest.DLL" adapterTypeName="Microsoft.VisualStudio.TestTools.TestTypes.Unit.UnitTestAdapter, Microsoft.VisualStudio.QualityTools.Tips.UnitTest.Adapter, Version=10.0.0.0, Culture=neutral, PublicKeyToken=b03f5f7f11d50a3a" className="AssemblyCheckTest.AssemblyInfoTest, AssemblyCheckTest, Version=1.0.0.0, Culture=neutral, PublicKeyToken=null" name="ReadAssemblyTest" />
    </UnitTest>
  </TestDefinitions>
  <TestLists>
    <TestList name="Resultados que no están en la lista" id="8c84fa94-04c1-424b-9868-57a2d4851a1d" />
    <TestList name="Todos los resultados cargados" id="19431567-8539-422a-85d7-44ee4e166bda" />
  </TestLists>
  <TestEntries>
    <TestEntry testId="a4c08441-0a97-2091-e34b-5c0af76946ae" executionId="f2794ec2-70f9-486d-aa33-4824e9bd8496" testListId="8c84fa94-04c1-424b-9868-57a2d4851a1d" />
  </TestEntries>
  <Results>
    <UnitTestResult executionId="f2794ec2-70f9-486d-aa33-4824e9bd8496" testId="a4c08441-0a97-2091-e34b-5c0af76946ae" testName="ReadAssemblyTest" computerName="PC7698" duration="00:01:22.8895640" startTime="2014-02-04T15:28:44.1194668+01:00" endTime="2014-02-04T15:30:07.0090308+01:00" testType="13cdc9d9-ddb5-4fa4-a97d-d965ccfc6d4b" outcome="Aborted" testListId="8c84fa94-04c1-424b-9868-57a2d4851a1d" relativeResultsDirectory="f2794ec2-70f9-486d-aa33-4824e9bd8496">
    </UnitTestResult>
  </Results>
</TestRun>