<?xml version="1.0" encoding="UTF-8"?>
<TestRun id="51f2e75d-3736-41d0-a6e4-d49400f9e856" name="amedinaj@PC7698 2014-02-05 15:41:59" runUser="MITYC\amedinaj" xmlns="http://microsoft.com/schemas/VisualStudio/TeamTest/2010">
  <TestSettings name="Local" id="be11aa5b-e296-43e8-aa3f-a6f25c5c95b7">
    <Description>Esta es la configuración de pruebas predeterminada para una ejecución de pruebas local.</Description>
    <Deployment enabled="false" runDeploymentRoot="amedinaj_PC7698 2014-02-05 15_41_59">
      <DeploymentItem filename="C:\Documents and Settings\amedinaj\Mis documentos\Visual Studio 2010\Projects\ReferencesChecker\packages\Mono.Cecil.0.9.5.4\lib\net40\Mono.Cecil.Pdb.dll" />
      <DeploymentItem filename="C:\Documents and Settings\amedinaj\Mis documentos\Visual Studio 2010\Projects\ReferencesChecker\packages\Mono.Cecil.0.9.5.4\lib\net40\Mono.Cecil.Rocks.dll" />
      <DeploymentItem filename="C:\Documents and Settings\amedinaj\Mis documentos\Visual Studio 2010\Projects\ReferencesChecker\packages\Mono.Cecil.0.9.5.4\lib\net40\Mono.Cecil.Mdb.dll" />
      <DeploymentItem filename="C:\Documents and Settings\amedinaj\Mis documentos\Visual Studio 2010\Projects\ReferencesChecker\packages\QuickGraph.3.6.61119.7\lib\net4\QuickGraph.Graphviz.dll" />
      <DeploymentItem filename="C:\Documents and Settings\amedinaj\Mis documentos\Visual Studio 2010\Projects\ReferencesChecker\AssemblyCheck\bin\Debug\AssemblyCheck.dll" />
      <DeploymentItem filename="C:\Documents and Settings\amedinaj\Mis documentos\Visual Studio 2010\Projects\ReferencesChecker\packages\Mono.Cecil.0.9.5.4\lib\net40\Mono.Cecil.dll" />
      <DeploymentItem filename="C:\Documents and Settings\amedinaj\Mis documentos\Visual Studio 2010\Projects\ReferencesChecker\packages\QuickGraph.3.6.61119.7\lib\net4\QuickGraph.Data.dll" />
      <DeploymentItem filename="C:\Documents and Settings\amedinaj\Mis documentos\Visual Studio 2010\Projects\ReferencesChecker\packages\QuickGraph.3.6.61119.7\lib\net4\QuickGraph.dll" />
      <DeploymentItem filename="C:\Documents and Settings\amedinaj\Mis documentos\Visual Studio 2010\Projects\ReferencesChecker\packages\QuickGraph.3.6.61119.7\lib\net4\QuickGraph.Serialization.dll" />
    </Deployment>
    <Execution>
      <TestTypeSpecific />
      <AgentRule name="Execution Agents">
      </AgentRule>
    </Execution>
  </TestSettings>
  <Times creation="2014-02-05T15:41:59.0371332+01:00" queuing="2014-02-05T15:42:08.5210226+01:00" start="2014-02-05T15:42:09.1459906+01:00" finish="2014-02-05T15:43:05.7837156+01:00" />
  <ResultSummary outcome="Error">
    <Counters total="1" executed="1" error="0" failed="0" timeout="0" aborted="1" inconclusive="0" passedButRunAborted="0" notRunnable="0" notExecuted="0" disconnected="0" warning="0" passed="0" completed="0" inProgress="0" pending="0" />
    <RunInfos>
      <RunInfo computerName="PC7698" outcome="Error" timestamp="2014-02-05T15:43:05.7524672+01:00">
        <Text>El proceso del host de pruebas terminó inesperadamente.</Text>
      </RunInfo>
    </RunInfos>
  </ResultSummary>
  <TestDefinitions>
    <UnitTest name="TestCheckNotExistentTargetReference" storage="c:\documents and settings\amedinaj\mis documentos\visual studio 2010\projects\referenceschecker\assemblychecktest\bin\debug\assemblychecktest.dll" id="dbff760a-c708-c60e-09d4-2cd554419c4a">
      <Execution id="67fdf38c-9393-4e7a-bab8-8bf8470dcdce" />
      <TestMethod codeBase="C:/Documents and Settings/amedinaj/Mis documentos/Visual Studio 2010/Projects/ReferencesChecker/AssemblyCheckTest/bin/Debug/AssemblyCheckTest.DLL" adapterTypeName="Microsoft.VisualStudio.TestTools.TestTypes.Unit.UnitTestAdapter, Microsoft.VisualStudio.QualityTools.Tips.UnitTest.Adapter, Version=10.0.0.0, Culture=neutral, PublicKeyToken=b03f5f7f11d50a3a" className="AssemblyCheckTest.ReferencesAnalyzerTest, AssemblyCheckTest, Version=1.0.0.0, Culture=neutral, PublicKeyToken=null" name="TestCheckNotExistentTargetReference" />
    </UnitTest>
  </TestDefinitions>
  <TestLists>
    <TestList name="Resultados que no están en la lista" id="8c84fa94-04c1-424b-9868-57a2d4851a1d" />
    <TestList name="Todos los resultados cargados" id="19431567-8539-422a-85d7-44ee4e166bda" />
  </TestLists>
  <TestEntries>
    <TestEntry testId="dbff760a-c708-c60e-09d4-2cd554419c4a" executionId="67fdf38c-9393-4e7a-bab8-8bf8470dcdce" testListId="8c84fa94-04c1-424b-9868-57a2d4851a1d" />
  </TestEntries>
  <Results>
    <UnitTestResult executionId="67fdf38c-9393-4e7a-bab8-8bf8470dcdce" testId="dbff760a-c708-c60e-09d4-2cd554419c4a" testName="TestCheckNotExistentTargetReference" computerName="PC7698" duration="00:00:56.1533748" startTime="2014-02-05T15:42:09.6303408+01:00" endTime="2014-02-05T15:43:05.7837156+01:00" testType="13cdc9d9-ddb5-4fa4-a97d-d965ccfc6d4b" outcome="Aborted" testListId="8c84fa94-04c1-424b-9868-57a2d4851a1d" relativeResultsDirectory="67fdf38c-9393-4e7a-bab8-8bf8470dcdce">
    </UnitTestResult>
  </Results>
</TestRun>