<?xml version="1.0" encoding="UTF-8"?>
<TestRun id="ccec1bff-f771-404b-afff-5c0825f4f4f9" name="amedinaj@PC7698 2014-02-04 11:47:43" runUser="MITYC\amedinaj" xmlns="http://microsoft.com/schemas/VisualStudio/TeamTest/2010">
  <TestSettings name="Local" id="be11aa5b-e296-43e8-aa3f-a6f25c5c95b7">
    <Description>Esta es la configuración de pruebas predeterminada para una ejecución de pruebas local.</Description>
    <Deployment enabled="false" runDeploymentRoot="amedinaj_PC7698 2014-02-04 11_47_43">
      <DeploymentItem filename="C:\Documents and Settings\amedinaj\Mis documentos\Visual Studio 2010\Projects\ReferencesChecker\AssemblyCheck\bin\Debug\AssemblyCheck.dll" />
    </Deployment>
    <Execution>
      <TestTypeSpecific />
      <AgentRule name="Execution Agents">
      </AgentRule>
    </Execution>
  </TestSettings>
  <Times creation="2014-02-04T11:47:43.0235860+01:00" queuing="2014-02-04T11:47:51.3359796+01:00" start="2014-02-04T11:47:51.8672228+01:00" finish="2014-02-04T11:48:47.3665124+01:00" />
  <ResultSummary outcome="Error">
    <Counters total="1" executed="1" error="0" failed="0" timeout="0" aborted="1" inconclusive="0" passedButRunAborted="0" notRunnable="0" notExecuted="0" disconnected="0" warning="0" passed="0" completed="0" inProgress="0" pending="0" />
    <RunInfos>
      <RunInfo computerName="PC7698" outcome="Error" timestamp="2014-02-04T11:48:47.3508876+01:00">
        <Text>El proceso del host de pruebas terminó inesperadamente.</Text>
      </RunInfo>
    </RunInfos>
  </ResultSummary>
  <TestDefinitions>
    <UnitTest name="TestComparation" storage="c:\documents and settings\amedinaj\mis documentos\visual studio 2010\projects\referenceschecker\assemblychecktest\bin\debug\assemblychecktest.dll" id="cf05b06a-0112-dc35-25ae-d76c0638870d">
      <Execution id="4344a70f-fdf8-42e0-98e2-7957cc7819e8" />
      <TestMethod codeBase="C:/Documents and Settings/amedinaj/Mis documentos/Visual Studio 2010/Projects/ReferencesChecker/AssemblyCheckTest/bin/Debug/AssemblyCheckTest.DLL" adapterTypeName="Microsoft.VisualStudio.TestTools.TestTypes.Unit.UnitTestAdapter, Microsoft.VisualStudio.QualityTools.Tips.UnitTest.Adapter, Version=10.0.0.0, Culture=neutral, PublicKeyToken=b03f5f7f11d50a3a" className="AssemblyCheckTest.AssemblyVersionTest, AssemblyCheckTest, Version=1.0.0.0, Culture=neutral, PublicKeyToken=null" name="TestComparation" />
    </UnitTest>
  </TestDefinitions>
  <TestLists>
    <TestList name="Resultados que no están en la lista" id="8c84fa94-04c1-424b-9868-57a2d4851a1d" />
    <TestList name="Todos los resultados cargados" id="19431567-8539-422a-85d7-44ee4e166bda" />
  </TestLists>
  <TestEntries>
    <TestEntry testId="cf05b06a-0112-dc35-25ae-d76c0638870d" executionId="4344a70f-fdf8-42e0-98e2-7957cc7819e8" testListId="8c84fa94-04c1-424b-9868-57a2d4851a1d" />
  </TestEntries>
  <Results>
    <UnitTestResult executionId="4344a70f-fdf8-42e0-98e2-7957cc7819e8" testId="cf05b06a-0112-dc35-25ae-d76c0638870d" testName="TestComparation" computerName="PC7698" duration="00:00:55.1555440" startTime="2014-02-04T11:47:52.2109684+01:00" endTime="2014-02-04T11:48:47.3665124+01:00" testType="13cdc9d9-ddb5-4fa4-a97d-d965ccfc6d4b" outcome="Aborted" testListId="8c84fa94-04c1-424b-9868-57a2d4851a1d" relativeResultsDirectory="4344a70f-fdf8-42e0-98e2-7957cc7819e8">
    </UnitTestResult>
  </Results>
</TestRun>