<?xml version="1.0" encoding="UTF-8"?>
<TestRun id="dd66b74e-f3d7-4ea2-a0eb-8e897b9381e4" name="amedinaj@PC7698 2014-02-04 12:00:39" runUser="MITYC\amedinaj" xmlns="http://microsoft.com/schemas/VisualStudio/TeamTest/2010">
  <TestSettings name="Local" id="be11aa5b-e296-43e8-aa3f-a6f25c5c95b7">
    <Description>Esta es la configuración de pruebas predeterminada para una ejecución de pruebas local.</Description>
    <Deployment enabled="false" runDeploymentRoot="amedinaj_PC7698 2014-02-04 12_00_39">
      <DeploymentItem filename="C:\Documents and Settings\amedinaj\Mis documentos\Visual Studio 2010\Projects\ReferencesChecker\AssemblyCheck\bin\Debug\AssemblyCheck.dll" />
    </Deployment>
    <Execution>
      <TestTypeSpecific />
      <AgentRule name="Execution Agents">
      </AgentRule>
    </Execution>
  </TestSettings>
  <Times creation="2014-02-04T12:00:39.9667660+01:00" queuing="2014-02-04T12:00:40.0761396+01:00" start="2014-02-04T12:00:40.0917644+01:00" finish="2014-02-04T12:00:40.8261300+01:00" />
  <ResultSummary outcome="Completed">
    <Counters total="3" executed="3" passed="3" error="0" failed="0" timeout="0" aborted="0" inconclusive="0" passedButRunAborted="0" notRunnable="0" notExecuted="0" disconnected="0" warning="0" completed="0" inProgress="0" pending="0" />
  </ResultSummary>
  <TestDefinitions>
    <UnitTest name="TestToString" storage="c:\documents and settings\amedinaj\mis documentos\visual studio 2010\projects\referenceschecker\assemblychecktest\bin\debug\assemblychecktest.dll" id="c4504208-0725-4c70-bea2-3cc97b04a788">
      <Execution id="f7bd76d0-2b70-4ce1-ae09-c61ee54dbb09" />
      <TestMethod codeBase="C:/Documents and Settings/amedinaj/Mis documentos/Visual Studio 2010/Projects/ReferencesChecker/AssemblyCheckTest/bin/Debug/AssemblyCheckTest.DLL" adapterTypeName="Microsoft.VisualStudio.TestTools.TestTypes.Unit.UnitTestAdapter, Microsoft.VisualStudio.QualityTools.Tips.UnitTest.Adapter, Version=10.0.0.0, Culture=neutral, PublicKeyToken=b03f5f7f11d50a3a" className="AssemblyCheckTest.AssemblyVersionTest, AssemblyCheckTest, Version=1.0.0.0, Culture=neutral, PublicKeyToken=null" name="TestToString" />
    </UnitTest>
    <UnitTest name="TestComparation" storage="c:\documents and settings\amedinaj\mis documentos\visual studio 2010\projects\referenceschecker\assemblychecktest\bin\debug\assemblychecktest.dll" id="cf05b06a-0112-dc35-25ae-d76c0638870d">
      <Execution id="77ca5e5b-d770-4bd4-9a86-2b21035ce701" />
      <TestMethod codeBase="C:/Documents and Settings/amedinaj/Mis documentos/Visual Studio 2010/Projects/ReferencesChecker/AssemblyCheckTest/bin/Debug/AssemblyCheckTest.DLL" adapterTypeName="Microsoft.VisualStudio.TestTools.TestTypes.Unit.UnitTestAdapter, Microsoft.VisualStudio.QualityTools.Tips.UnitTest.Adapter, Version=10.0.0.0, Culture=neutral, PublicKeyToken=b03f5f7f11d50a3a" className="AssemblyCheckTest.AssemblyVersionTest, AssemblyCheckTest, Version=1.0.0.0, Culture=neutral, PublicKeyToken=null" name="TestComparation" />
    </UnitTest>
    <UnitTest name="TestStringConstructor" storage="c:\documents and settings\amedinaj\mis documentos\visual studio 2010\projects\referenceschecker\assemblychecktest\bin\debug\assemblychecktest.dll" id="ddce6c97-db94-fc06-4fea-145811cc5880">
      <Execution id="cc0e93b9-54e7-4228-8484-cb7c6a96401c" />
      <TestMethod codeBase="C:/Documents and Settings/amedinaj/Mis documentos/Visual Studio 2010/Projects/ReferencesChecker/AssemblyCheckTest/bin/Debug/AssemblyCheckTest.DLL" adapterTypeName="Microsoft.VisualStudio.TestTools.TestTypes.Unit.UnitTestAdapter, Microsoft.VisualStudio.QualityTools.Tips.UnitTest.Adapter, Version=10.0.0.0, Culture=neutral, PublicKeyToken=b03f5f7f11d50a3a" className="AssemblyCheckTest.AssemblyVersionTest, AssemblyCheckTest, Version=1.0.0.0, Culture=neutral, PublicKeyToken=null" name="TestStringConstructor" />
    </UnitTest>
  </TestDefinitions>
  <TestLists>
    <TestList name="Resultados que no están en la lista" id="8c84fa94-04c1-424b-9868-57a2d4851a1d" />
    <TestList name="Todos los resultados cargados" id="19431567-8539-422a-85d7-44ee4e166bda" />
  </TestLists>
  <TestEntries>
    <TestEntry testId="c4504208-0725-4c70-bea2-3cc97b04a788" executionId="f7bd76d0-2b70-4ce1-ae09-c61ee54dbb09" testListId="8c84fa94-04c1-424b-9868-57a2d4851a1d" />
    <TestEntry testId="cf05b06a-0112-dc35-25ae-d76c0638870d" executionId="77ca5e5b-d770-4bd4-9a86-2b21035ce701" testListId="8c84fa94-04c1-424b-9868-57a2d4851a1d" />
    <TestEntry testId="ddce6c97-db94-fc06-4fea-145811cc5880" executionId="cc0e93b9-54e7-4228-8484-cb7c6a96401c" testListId="8c84fa94-04c1-424b-9868-57a2d4851a1d" />
  </TestEntries>
  <Results>
    <UnitTestResult executionId="f7bd76d0-2b70-4ce1-ae09-c61ee54dbb09" testId="c4504208-0725-4c70-bea2-3cc97b04a788" testName="TestToString" computerName="PC7698" duration="00:00:00.0362814" startTime="2014-02-04T12:00:40.1230140+01:00" endTime="2014-02-04T12:00:40.7480060+01:00" testType="13cdc9d9-ddb5-4fa4-a97d-d965ccfc6d4b" outcome="Passed" testListId="8c84fa94-04c1-424b-9868-57a2d4851a1d" relativeResultsDirectory="f7bd76d0-2b70-4ce1-ae09-c61ee54dbb09">
    </UnitTestResult>
    <UnitTestResult executionId="77ca5e5b-d770-4bd4-9a86-2b21035ce701" testId="cf05b06a-0112-dc35-25ae-d76c0638870d" testName="TestComparation" computerName="PC7698" duration="00:00:00.0059387" startTime="2014-02-04T12:00:40.7480060+01:00" endTime="2014-02-04T12:00:40.7636308+01:00" testType="13cdc9d9-ddb5-4fa4-a97d-d965ccfc6d4b" outcome="Passed" testListId="8c84fa94-04c1-424b-9868-57a2d4851a1d" relativeResultsDirectory="77ca5e5b-d770-4bd4-9a86-2b21035ce701">
    </UnitTestResult>
    <UnitTestResult executionId="cc0e93b9-54e7-4228-8484-cb7c6a96401c" testId="ddce6c97-db94-fc06-4fea-145811cc5880" testName="TestStringConstructor" computerName="PC7698" duration="00:00:00.0010878" startTime="2014-02-04T12:00:40.7792556+01:00" endTime="2014-02-04T12:00:40.7948804+01:00" testType="13cdc9d9-ddb5-4fa4-a97d-d965ccfc6d4b" outcome="Passed" testListId="8c84fa94-04c1-424b-9868-57a2d4851a1d" relativeResultsDirectory="cc0e93b9-54e7-4228-8484-cb7c6a96401c">
    </UnitTestResult>
  </Results>
</TestRun>